# JRE version: Java(TM) SE Runtime Environment (21.0.1+12) (build 21.0.1+12-LTS-29)
# Java VM: Java HotSpot(TM) 64-Bit Server VM (21.0.1+12-LTS-29, mixed mode, emulated-client, sharing, tiered, compressed oops, compressed class ptrs, g1 gc, windows-amd64)
GC Precious Log:
 CardTable entry size: 512
 Card Set container configuration: InlinePtr #cards 4 size 8 Array Of Cards #cards 32 size 80 Howl #buckets 8 coarsen threshold 7372 Howl Bitmap #cards 1024 size 144 coarsen threshold 921 Card regions per heap region 1 cards per card region 8192
 CPUs: 8 total, 8 available
 Memory: 24298M
 Large Page Support: Disabled
 NUMA Support: Disabled
 Compressed Oops: Enabled (Zero based)
 Heap Region Size: 4M
 Heap Min Capacity: 8M
 Heap Initial Capacity: 380M
 Heap Max Capacity: 6076M
 Pre-touch: Disabled
 Parallel Workers: 8
 Concurrent Workers: 2
 Concurrent Refinement Workers: 8
 Periodic GC: Disabled
Heap:
 garbage-first heap   total 163840K, used 100576K [0x0000000684400000, 0x0000000800000000)
  region size 4096K, 15 young (61440K), 2 survivors (8192K)
 Metaspace       used 94629K, committed 95872K, reserved 1179648K
  class space    used 13291K, committed 13824K, reserved 1048576K
GC Heap History (20 events):
Event: 486.263 GC heap before
{Heap before GC invocations=29 (full 0):
 garbage-first heap   total 180224K, used 73112K [0x0000000684400000, 0x0000000800000000)
  region size 4096K, 8 young (32768K), 3 survivors (12288K)
 Metaspace       used 94365K, committed 95424K, reserved 1179648K
  class space    used 13359K, committed 13824K, reserved 1048576K
}
Event: 486.319 GC heap after
{Heap after GC invocations=30 (full 1):
 garbage-first heap   total 163840K, used 41478K [0x0000000684400000, 0x0000000800000000)
  region size 4096K, 0 young (0K), 0 survivors (0K)
 Metaspace       used 93743K, committed 95424K, reserved 1179648K
  class space    used 13204K, committed 13824K, reserved 1048576K
}
Event: 490.216 GC heap before
{Heap before GC invocations=30 (full 1):
 garbage-first heap   total 163840K, used 139782K [0x0000000684400000, 0x0000000800000000)
  region size 4096K, 24 young (98304K), 0 survivors (0K)
 Metaspace       used 93899K, committed 95424K, reserved 1179648K
  class space    used 13240K, committed 13824K, reserved 1048576K
}
Event: 490.221 GC heap after
{Heap after GC invocations=31 (full 1):
 garbage-first heap   total 163840K, used 49318K [0x0000000684400000, 0x0000000800000000)
  region size 4096K, 2 young (8192K), 2 survivors (8192K)
 Metaspace       used 93899K, committed 95424K, reserved 1179648K
  class space    used 13240K, committed 13824K, reserved 1048576K
}
Event: 490.800 GC heap before
{Heap before GC invocations=31 (full 1):
 garbage-first heap   total 163840K, used 135334K [0x0000000684400000, 0x0000000800000000)
  region size 4096K, 24 young (98304K), 2 survivors (8192K)
 Metaspace       used 94302K, committed 95488K, reserved 1179648K
  class space    used 13299K, committed 13824K, reserved 1048576K
}
Event: 490.807 GC heap after
{Heap after GC invocations=32 (full 1):
 garbage-first heap   total 163840K, used 55122K [0x0000000684400000, 0x0000000800000000)
  region size 4096K, 2 young (8192K), 2 survivors (8192K)
 Metaspace       used 94302K, committed 95488K, reserved 1179648K
  class space    used 13299K, committed 13824K, reserved 1048576K
}
Event: 491.325 GC heap before
{Heap before GC invocations=32 (full 1):
 garbage-first heap   total 163840K, used 137042K [0x0000000684400000, 0x0000000800000000)
  region size 4096K, 22 young (90112K), 2 survivors (8192K)
 Metaspace       used 94494K, committed 95488K, reserved 1179648K
  class space    used 13346K, committed 13824K, reserved 1048576K
}
Event: 491.332 GC heap after
{Heap after GC invocations=33 (full 1):
 garbage-first heap   total 163840K, used 60882K [0x0000000684400000, 0x0000000800000000)
  region size 4096K, 2 young (8192K), 2 survivors (8192K)
 Metaspace       used 94494K, committed 95488K, reserved 1179648K
  class space    used 13346K, committed 13824K, reserved 1048576K
}
Event: 1632.224 GC heap before
{Heap before GC invocations=33 (full 1):
 garbage-first heap   total 163840K, used 126418K [0x0000000684400000, 0x0000000800000000)
  region size 4096K, 19 young (77824K), 2 survivors (8192K)
 Metaspace       used 94683K, committed 95680K, reserved 1179648K
  class space    used 13391K, committed 13824K, reserved 1048576K
}
Event: 1632.280 GC heap after
{Heap after GC invocations=34 (full 2):
 garbage-first heap   total 163840K, used 44850K [0x0000000684400000, 0x0000000800000000)
  region size 4096K, 0 young (0K), 0 survivors (0K)
 Metaspace       used 94444K, committed 95680K, reserved 1179648K
  class space    used 13333K, committed 13824K, reserved 1048576K
}
Event: 1633.978 GC heap before
{Heap before GC invocations=34 (full 2):
 garbage-first heap   total 163840K, used 134962K [0x0000000684400000, 0x0000000800000000)
  region size 4096K, 23 young (94208K), 0 survivors (0K)
 Metaspace       used 94482K, committed 95680K, reserved 1179648K
  class space    used 13339K, committed 13824K, reserved 1048576K
}
Event: 1633.982 GC heap after
{Heap after GC invocations=35 (full 2):
 garbage-first heap   total 163840K, used 50589K [0x0000000684400000, 0x0000000800000000)
  region size 4096K, 2 young (8192K), 2 survivors (8192K)
 Metaspace       used 94482K, committed 95680K, reserved 1179648K
  class space    used 13339K, committed 13824K, reserved 1048576K
}
Event: 1634.495 GC heap before
{Heap before GC invocations=35 (full 2):
 garbage-first heap   total 163840K, used 136605K [0x0000000684400000, 0x0000000800000000)
  region size 4096K, 23 young (94208K), 2 survivors (8192K)
 Metaspace       used 94737K, committed 95808K, reserved 1179648K
  class space    used 13356K, committed 13824K, reserved 1048576K
}
Event: 1634.500 GC heap after
{Heap after GC invocations=36 (full 2):
 garbage-first heap   total 163840K, used 54789K [0x0000000684400000, 0x0000000800000000)
  region size 4096K, 3 young (12288K), 3 survivors (12288K)
 Metaspace       used 94737K, committed 95808K, reserved 1179648K
  class space    used 13356K, committed 13824K, reserved 1048576K
}
Event: 1634.921 GC heap before
{Heap before GC invocations=36 (full 2):
 garbage-first heap   total 163840K, used 132613K [0x0000000684400000, 0x0000000800000000)
  region size 4096K, 22 young (90112K), 3 survivors (12288K)
 Metaspace       used 94739K, committed 95808K, reserved 1179648K
  class space    used 13357K, committed 13824K, reserved 1048576K
}
Event: 1634.927 GC heap after
{Heap after GC invocations=37 (full 2):
 garbage-first heap   total 163840K, used 57791K [0x0000000684400000, 0x0000000800000000)
  region size 4096K, 2 young (8192K), 2 survivors (8192K)
 Metaspace       used 94739K, committed 95808K, reserved 1179648K
  class space    used 13357K, committed 13824K, reserved 1048576K
}
Event: 1679.945 GC heap before
{Heap before GC invocations=37 (full 2):
 garbage-first heap   total 163840K, used 74175K [0x0000000684400000, 0x0000000800000000)
  region size 4096K, 7 young (28672K), 2 survivors (8192K)
 Metaspace       used 94783K, committed 95808K, reserved 1179648K
  class space    used 13364K, committed 13824K, reserved 1048576K
}
Event: 1679.999 GC heap after
{Heap after GC invocations=38 (full 3):
 garbage-first heap   total 163840K, used 44896K [0x0000000684400000, 0x0000000800000000)
  region size 4096K, 0 young (0K), 0 survivors (0K)
 Metaspace       used 94445K, committed 95808K, reserved 1179648K
  class space    used 13276K, committed 13824K, reserved 1048576K
}
Event: 1682.224 GC heap before
{Heap before GC invocations=38 (full 3):
 garbage-first heap   total 163840K, used 135008K [0x0000000684400000, 0x0000000800000000)
  region size 4096K, 23 young (94208K), 0 survivors (0K)
 Metaspace       used 94480K, committed 95808K, reserved 1179648K
  class space    used 13282K, committed 13824K, reserved 1048576K
}
Event: 1682.228 GC heap after
{Heap after GC invocations=39 (full 3):
 garbage-first heap   total 163840K, used 51424K [0x0000000684400000, 0x0000000800000000)
  region size 4096K, 2 young (8192K), 2 survivors (8192K)
 Metaspace       used 94480K, committed 95808K, reserved 1179648K
  class space    used 13282K, committed 13824K, reserved 1048576K
}

